    _                _                      
   / \   ___ ___ ___| | ___ _ __ __ _ _   _ 
  / _ \ / __/ __/ _ \ |/ _ \ '__/ _` | | | |
 / ___ \ (_| (_|  __/ |  __/ | | (_| | |_| |
/_/   \_\___\___\___|_|\___|_|  \__, |\__, |
                                |___/ |___/ 

Info: generating outputs according to the following specified output flags... 
 Please use the -f flag to update the preference (default to all output files) 
{'ERT': 1, 'ERT_summary': 1, 'ART': 1, 'ART_summary': 1, 'energy_estimation': 1, 'flattened_arch': 1}
Info: config file located: /root/.config/accelergy/accelergy_config.yaml 
config file content: 
 {'compound_components': [], 'estimator_plug_ins': ['/usr/local/share/accelergy/estimation_plug_ins'], 'primitive_components': ['/usr/local/share/accelergy/primitive_component_libs'], 'table_plug_ins': {'roots': ['/usr/local/share/accelergy/estimation_plug_ins/accelergy-table-based-plug-ins/set_of_table_templates']}, 'version': 0.3}
Warn: Cannot recognize the top key "mapping" in file simba/timeloop-mapper.map.yaml 
Warn: Cannot recognize the top key "architecture_constraints" in file simba/constraints.yaml 
Warn: Cannot recognize the top key "mapspace_constraints" in file simba/constraints.yaml 
Warn: Cannot recognize the top key "problem" in file workloads/resnet50/resnet50_layer1.yaml 
Info: Parsing file simba/arch_nop.yaml for architecture info 
Info: Found non-numeric expression 45nm. Available bindings: {'datawidth': 8, 'word-bits': 8, 'technology': '45nm'} 
WARN: Failed to evaluate "45nm". Setting System.technology="45nm". Available bindings: {'datawidth': 8, 'word-bits': 8, 'technology': '45nm'}
Info: Found non-numeric expression NoC. Available bindings: {'depth': 1024, 'width': 64, 'word-bits': 8, 'block-size': 8, 'network_fill': 'NoC', 'meshX': 16, 'datawidth': 8, 'technology': '45nm'} 
WARN: Failed to evaluate "NoC". Setting variables.network_fill="NoC". Available bindings: {'name': 'PEInputBuffer', 'class': 'storage', 'subclass': 'smartbuffer_RF', 'attributes': {'depth': 1024, 'width': 64, 'word-bits': 8, 'block-size': 8, 'network_fill': 'NoC', 'meshX': 16, 'datawidth': 8, 'technology': '45nm'}}
WARN: Failed to evaluate "NoC". Setting variables.network_read="NoC". Available bindings: {'name': 'GlobalBuffer', 'class': 'storage', 'subclass': 'smartbuffer_SRAM', 'attributes': {'depth': 2048, 'width': 256, 'word-bits': 8, 'block-size': 32, 'n_rdwr_ports': 2, 'read_bandwidth': 16, 'write_bandwidth': 16, 'network_read': 'NoC', 'datawidth': 8, 'technology': '45nm'}}
Info: Found non-numeric expression LPDDR4. Available bindings: {'type': 'LPDDR4', 'width': 64, 'block-size': 8, 'word-bits': 8, 'read_bandwidth': 17.9, 'write_bandwidth': 17.9, 'instances': 1, 'datawidth': 8, 'technology': '45nm'} 
WARN: Failed to evaluate "LPDDR4". Setting variables.type="LPDDR4". Available bindings: {'name': 'DRAM', 'class': 'DRAM', 'attributes': {'type': 'LPDDR4', 'width': 64, 'block-size': 8, 'word-bits': 8, 'read_bandwidth': 17.9, 'write_bandwidth': 17.9, 'instances': 1, 'datawidth': 8, 'technology': '45nm'}}
Info: Parsing file components/Legacy.yaml for compound_components info 
Info: Parsing file components/reg_storage.yaml for compound_components info 
Info: Parsing file components/smartbuffer_RF.yaml for compound_components info 
Info: Parsing file components/smartbuffer_SRAM.yaml for compound_components info 
Info: primitive component file parsed:  /usr/local/share/accelergy/primitive_component_libs/pim_primitive_component.lib.yaml 
Info: primitive component file parsed:  /usr/local/share/accelergy/primitive_component_libs/primitive_component.lib.yaml 
Info: primitive component file parsed:  /usr/local/share/accelergy/primitive_component_libs/soc_primitives.lib.yaml 
Info: Found non-numeric expression 1ns. Available bindings: {'depth': 1, 'word-bits': 8, 'cluster-size': 64, 'num-ports': 2, 'meshX': 16, 'datawidth': 8, 'technology': '45nm', 'latency': '1ns', 'width': 16} 
WARN: Failed to evaluate "1ns". Setting System.Chiplet[0..15].PE[0..15].PEWeightRegs[0..31].latency="1ns". Available bindings: {'depth': 1, 'word-bits': 8, 'cluster-size': 64, 'num-ports': 2, 'meshX': 16, 'datawidth': 8, 'technology': '45nm', 'latency': '1ns', 'width': 16}
Info: Found non-numeric expression 5ns. Available bindings: {'datawidth': 8, 'meshX': 16, 'word-bits': 8, 'technology': '45nm', 'num_pipeline_stages': 2, 'latency': '5ns'} 
WARN: Failed to evaluate "5ns". Setting System.Chiplet[0..15].PE[0..15].LMAC[0..31].latency="5ns". Available bindings: {'datawidth': 8, 'meshX': 16, 'word-bits': 8, 'technology': '45nm', 'num_pipeline_stages': 2, 'latency': '5ns'}
Info: Calculated "n_PE_cols * n_PE_rows" = 16 
Info: Found non-numeric expression 2mm. Available bindings: {'word-bits': 8, 'energy-per-hop': 0.952, 'datawidth': 8, 'technology': '45nm', 'Y_comparator_width': 4, 'X_comparator_width': 4, 'n_PE_rows': 4, 'n_PE_cols': 4, 'total_PEs': 16, 'Y_X_wire_avg_length': '2mm'} 
WARN: Failed to evaluate "2mm". Setting System.Chiplet[0..15].NoC.Y_X_wire_avg_length="2mm". Available bindings: {'word-bits': 8, 'energy-per-hop': 0.952, 'datawidth': 8, 'technology': '45nm', 'Y_comparator_width': 4, 'X_comparator_width': 4, 'n_PE_rows': 4, 'n_PE_cols': 4, 'total_PEs': 16, 'Y_X_wire_avg_length': '2mm'}
Info: Calculated "log(depth)" = 6.931471805599453 
Info: Calculated "n_banks" = 1 
Info: Calculated "log(depth)" = 6.238324625039508 
Info: Calculated "log(depth)" = 4.852030263919617 
Info: Calculated "log(depth)" = 7.6246189861593985 
Info: Calculated "n_PE_rows-1" = 3 
Info: Calculated "total_PEs-1" = 15 
Info: Found non-numeric expression wireless. Available bindings: {'word-bits': 8, 'energy-per-hop': 0.952, 'datawidth': 8, 'technology': '45nm', 'Y_comparator_width': 4, 'X_comparator_width': 4, 'n_PE_rows': 4, 'n_PE_cols': 4, 'total_PEs': 16, 'Y_X_wire_avg_length': '2mm'} 
WARN: Failed to evaluate "wireless". Setting Y_X_wire.technology="wireless". Available bindings: {'word-bits': 8, 'energy-per-hop': 0.952, 'datawidth': 8, 'technology': '45nm', 'Y_comparator_width': 4, 'X_comparator_width': 4, 'n_PE_rows': 4, 'n_PE_cols': 4, 'total_PEs': 16, 'Y_X_wire_avg_length': '2mm'}
Info: Calculated "datawidth + X_comparator_width" = 12 
WARN: Failed to evaluate "2mm". Setting Y_X_wire.length="2mm". Available bindings: OrderedDict([('technology', 'wireless'), ('width', 12), ('length', '2mm'), ('latency', '5ns')])
Info: Calculated "n_PE_rows" = 4 
Info: Calculated "n_PE_cols" = 4 
Info: Calculated "n_rows-1" = 0 
Info: Calculated "n_cols_per_row * n_rows" = 1 
Info: Calculated "n_rows-1" = 1 
Info: Calculated "n_cols_per_row * n_rows" = 2 
Info: Calculated "n_rows-1" = 2 
Info: Calculated "n_cols_per_row * n_rows" = 3 
Info: Calculated "n_rows-1" = 3 
Info: Calculated "n_cols_per_row * n_rows" = 4 
Info: Calculated "n_rows-1" = 0 
Info: Calculated "n_cols_per_row * n_rows" = 2 
Info: Calculated "n_rows-1" = 1 
Info: Calculated "n_cols_per_row * n_rows" = 4 
Info: Calculated "n_rows-1" = 2 
Info: Calculated "n_cols_per_row * n_rows" = 6 
Info: Calculated "n_rows-1" = 3 
Info: Calculated "n_cols_per_row * n_rows" = 8 
Info: Calculated "n_rows-1" = 0 
Info: Calculated "n_cols_per_row * n_rows" = 3 
Info: Calculated "n_rows-1" = 1 
Info: Calculated "n_cols_per_row * n_rows" = 6 
Info: Calculated "n_rows-1" = 2 
Info: Calculated "n_cols_per_row * n_rows" = 9 
Info: Calculated "n_rows-1" = 3 
Info: Calculated "n_cols_per_row * n_rows" = 12 
Info: Calculated "n_rows-1" = 0 
Info: Calculated "n_cols_per_row * n_rows" = 4 
Info: Calculated "n_rows-1" = 1 
Info: Calculated "n_cols_per_row * n_rows" = 8 
Info: Calculated "n_rows-1" = 2 
Info: Calculated "n_cols_per_row * n_rows" = 12 
Info: Calculated "n_rows-1" = 3 
Info: Calculated "n_cols_per_row * n_rows" = 16 
Info: Calculated "n_rows-1" = 0 
Info: Calculated "n_cols_per_row * n_rows" = 1 
Info: Calculated "n_rows-1" = 1 
Info: Calculated "n_cols_per_row * n_rows" = 2 
Info: Calculated "n_rows-1" = 2 
Info: Calculated "n_cols_per_row * n_rows" = 3 
Info: Calculated "n_rows-1" = 3 
Info: Calculated "n_cols_per_row * n_rows" = 4 
Info: Calculated "n_rows-1" = 0 
Info: Calculated "n_cols_per_row * n_rows" = 2 
Info: Calculated "n_rows-1" = 1 
Info: Calculated "n_cols_per_row * n_rows" = 4 
Info: Calculated "n_rows-1" = 2 
Info: Calculated "n_cols_per_row * n_rows" = 6 
Info: Calculated "n_rows-1" = 3 
Info: Calculated "n_cols_per_row * n_rows" = 8 
Info: Calculated "n_rows-1" = 0 
Info: Calculated "n_cols_per_row * n_rows" = 3 
Info: Calculated "n_rows-1" = 1 
Info: Calculated "n_cols_per_row * n_rows" = 6 
Info: Calculated "n_rows-1" = 2 
Info: Calculated "n_cols_per_row * n_rows" = 9 
Info: Calculated "n_rows-1" = 3 
Info: Calculated "n_cols_per_row * n_rows" = 12 
Info: Calculated "n_rows-1" = 0 
Info: Calculated "n_cols_per_row * n_rows" = 4 
Info: Calculated "n_rows-1" = 1 
Info: Calculated "n_cols_per_row * n_rows" = 8 
Info: Calculated "n_rows-1" = 2 
Info: Calculated "n_cols_per_row * n_rows" = 12 
Info: Calculated "n_rows-1" = 3 
Info: Calculated "n_cols_per_row * n_rows" = 16 
Info: Calculated "n_rows-1" = 0 
Info: Calculated "n_cols_per_row * n_rows" = 1 
Info: Calculated "n_rows-1" = 1 
Info: Calculated "n_cols_per_row * n_rows" = 2 
Info: Calculated "n_rows-1" = 2 
Info: Calculated "n_cols_per_row * n_rows" = 3 
Info: Calculated "n_rows-1" = 3 
Info: Calculated "n_cols_per_row * n_rows" = 4 
Info: Calculated "n_rows-1" = 0 
Info: Calculated "n_cols_per_row * n_rows" = 2 
Info: Calculated "n_rows-1" = 1 
Info: Calculated "n_cols_per_row * n_rows" = 4 
Info: Calculated "n_rows-1" = 2 
Info: Calculated "n_cols_per_row * n_rows" = 6 
Info: Calculated "n_rows-1" = 3 
Info: Calculated "n_cols_per_row * n_rows" = 8 
Info: Calculated "n_rows-1" = 0 
Info: Calculated "n_cols_per_row * n_rows" = 3 
Info: Calculated "n_rows-1" = 1 
Info: Calculated "n_cols_per_row * n_rows" = 6 
Info: Calculated "n_rows-1" = 2 
Info: Calculated "n_cols_per_row * n_rows" = 9 
Info: Calculated "n_rows-1" = 3 
Info: Calculated "n_cols_per_row * n_rows" = 12 
Info: Calculated "n_rows-1" = 0 
Info: Calculated "n_cols_per_row * n_rows" = 4 
Info: Calculated "n_rows-1" = 1 
Info: Calculated "n_cols_per_row * n_rows" = 8 
Info: Calculated "n_rows-1" = 2 
Info: Calculated "n_cols_per_row * n_rows" = 12 
Info: Calculated "n_rows-1" = 3 
Info: Calculated "n_cols_per_row * n_rows" = 16 
Info: Calculated "n_rows-1" = 0 
Info: Calculated "n_cols_per_row * n_rows" = 1 
Info: Calculated "n_rows-1" = 1 
Info: Calculated "n_cols_per_row * n_rows" = 2 
Info: Calculated "n_rows-1" = 2 
Info: Calculated "n_cols_per_row * n_rows" = 3 
Info: Calculated "n_rows-1" = 3 
Info: Calculated "n_cols_per_row * n_rows" = 4 
Info: Calculated "n_rows-1" = 0 
Info: Calculated "n_cols_per_row * n_rows" = 2 
Info: Calculated "n_rows-1" = 1 
Info: Calculated "n_cols_per_row * n_rows" = 4 
Info: Calculated "n_rows-1" = 2 
Info: Calculated "n_cols_per_row * n_rows" = 6 
Info: Calculated "n_rows-1" = 3 
Info: Calculated "n_cols_per_row * n_rows" = 8 
Info: Calculated "n_rows-1" = 0 
Info: Calculated "n_cols_per_row * n_rows" = 3 
Info: Calculated "n_rows-1" = 1 
Info: Calculated "n_cols_per_row * n_rows" = 6 
Info: Calculated "n_rows-1" = 2 
Info: Calculated "n_cols_per_row * n_rows" = 9 
Info: Calculated "n_rows-1" = 3 
Info: Calculated "n_cols_per_row * n_rows" = 12 
Info: Calculated "n_rows-1" = 0 
Info: Calculated "n_cols_per_row * n_rows" = 4 
Info: Calculated "n_rows-1" = 1 
Info: Calculated "n_cols_per_row * n_rows" = 8 
Info: Calculated "n_rows-1" = 2 
Info: Calculated "n_cols_per_row * n_rows" = 12 
Info: Calculated "n_rows-1" = 3 
Info: Calculated "n_cols_per_row * n_rows" = 16 
Info: estimator plug-in identified by:  /usr/local/share/accelergy/estimation_plug_ins/dummy_tables/dummy.estimator.yaml 
Info: estimator plug-in identified by:  /usr/local/share/accelergy/estimation_plug_ins/accelergy-cacti-plug-in/cacti.estimator.yaml 
Info: estimator plug-in identified by:  /usr/local/share/accelergy/estimation_plug_ins/accelergy-table-based-plug-ins/table.estimator.yaml 
table-based-plug-ins Identifies a set of tables named:  test_tables
Info: estimator plug-in identified by:  /usr/local/share/accelergy/estimation_plug_ins/accelergy-aladdin-plug-in/aladdin.estimator.yaml 
Info: CACTI plug-in... Querying CACTI for request:
 {'class_name': 'SRAM', 'attributes': OrderedDict([('technology', '45nm'), ('width', 256), ('depth', 2048), ('n_rdwr_ports', 2), ('n_banks', 1), ('n_rd_ports', 0), ('n_wr_ports', 0), ('latency', '5ns')]), 'action_name': 'write', 'arguments': {'data_delta': 0, 'address_delta': 0}}
copy  /usr/local/share/accelergy/estimation_plug_ins/accelergy-cacti-plug-in/default_SRAM.cfg  to  /usr/local/share/accelergy/estimation_plug_ins/accelergy-cacti-plug-in/cacti/timeloop-model.05_18_07_13_06_SRAM.cfg
CACTI plug-in removing temp file:  /usr/local/share/accelergy/estimation_plug_ins/accelergy-cacti-plug-in/cacti/timeloop-model.05_18_07_13_06_SRAM.cfg
Warn: No action counts are specified as yaml input 
Info: flattened architecture is saved to: output/sample//timeloop-model.flattened_architecture.yaml 
Info: energy reference table is saved to: output/sample//timeloop-model.ERT.yaml 
Info: energy reference table summary is saved to: output/sample//timeloop-model.ERT_summary.yaml 
Warn: no runtime energy estimations are generated... not generating energy_estimation.yaml 
Info: area reference table is saved to: output/sample//timeloop-model.ART.yaml 
Info: area reference table summary is saved to: output/sample//timeloop-model.ART_summary.yaml 
